(---------------------------------------------------------------------)
(                                                                     )
(    Auto Silkscreen Log File                                         )
(                                                                     )
(    Drawing          : laser_driver2.brd                             )
(    Software Version : 16.6-2015S058                                 )
(    Date/Time        : Tue Jul 12 01:56:57 2016                      )
(                                                                     )
(---------------------------------------------------------------------)


Generating Auto Silkscreen for both sides of the board.

Copying all elements.

Element to Pad clearance is 0.0000
Max Text displacement is 2.5400
Min Line Length is 0.0000
Allowing 0, 90, 180 and 270 degree text rotations.
Text Allowed Under Components.
Subclass Selections:
 Board Geometry       : None
 Component Value      : None
 Device Type          : None
 Package Geometry     : Silkscreen
 Reference Designator : Silkscreen
 Tolerance            : None
 User Part Number     : None


     ----- Top Silkscreen -----


     ----- Bottom Silkscreen -----


Total Failures: 0

Log End

