(---------------------------------------------------------------------)
(                                                                     )
(    NC DRILL Log                                                     )
(                                                                     )
(    Drawing          : laser_driver2.brd                             )
(    Software Version : 16.6-2015S058                                 )
(    Date/Time        : Wed Jul 13 13:58:31 2016                      )
(                                                                     )
(---------------------------------------------------------------------)



 Processing NC Parameters file 'nc_param.txt' ...

 NC PARAMETERS
 -------------

 FORMAT   		2.5
 MACHINE-OFFSET		x:0.00000	y:0.00000   (mm)
 FEEDRATE		1
 COORDINATES		ABSOLUTE
 OUTPUT-UNITS		METRIC
 TOOL-ORDER		INCREASING
 REPEAT-CODES		YES
 SUPPRESS-LEAD-ZEROES	NO
 SUPPRESS-TRAIL-ZEROES	NO
 SUPPRESS-EQUAL		NO
 TOOL-SELECT		NO
 HEADER			none
 LEADER			12
 CODE			ASCII
 SEPARATE		NO
 SEPARATE-ROUTING	NO
 OPTIMIZE_DRILLING	NO
 ENHANCED_EXCELLON	NO
 SCALE			1.000000



 Drill files being output to directory 'D:/mywork/ImmunofluorescenceApparatus/laser/hardware/laser_driver/OrCAD' ...



     'laser_driver2-1-2.drl' created for holes connecting TOP and BOTTOM
     -------------------------------------------------------------------

           Num     Size      +/- Tolerance     Plating   Quantity

            1.   0.2540    0.0000/  0.0000      PLATED          3
            2.   0.3302    0.0000/  0.0000      PLATED         20
            3.   1.0160    0.0000/  0.0000      PLATED          4

     ---- Total holes:                                         27

     ---- Total head travel:              1.55 feet (0.47 meters)

