(---------------------------------------------------------------------)
(                                                                     )
(    ARTWORK LOG                                                      )
(                                                                     )
(    Drawing          : laser_driver2.brd                             )
(    Software Version : 16.6-2015S058                                 )
(    Date/Time        : Tue Jul 12 12:56:47 2016                      )
(                                                                     )
(---------------------------------------------------------------------)


 ---- Photoplot outline rectangle not found; using drawing extents.



Results from parameter file ...
    DEVICE-TYPE           GERBER_RS274X
    OUTPUT-UNITS          MM
    FILM-SIZE             2400000 1600000
    FORMAT                2.5
    ABORT-ON-ERROR        NO
    SCALE                 1
    SUPPRESS-LEAD-ZEROES  YES
    SUPPRESS-TRAIL-ZEROES NO
    SUPPRESS-EQUAL        YES
    UNDEF-APT-CONT        NO



================================================================
     PROCESSING FILM < TOP >
     TO FILE < D:/mywork/ImmunofluorescenceApparatus/laser/hardware/laser_driver/OrCAD/TOP.art > ...
================================================================

  FILM PARAMETERS :
  ---------------------------------------------------------
  Undefined line width                0.0000
  Mirror code                         NONE
  Rotate angle                        NONE
  Offset x:                           0.0000
  Offset y:                           0.0000
  Plot negative                       NO
  Suppress unconnected internal pads  NO
  Draw holes only                     NO

    WARNING: Film contains objects with associated DRCs (4).
           In the design editor view this film and enable visibility for the
           associated DRC layer. Verify the DRCs are approved exceptions to your rules.
    WARNING: 0 width line found at (-37.5000 -12.0000)
           ... ignored.



  APERTURES USED:
  ---------------------------------------------------------
  TYPE       SIZE/NAME                   ROT   MIRROR MODE 
  ---------------------------------------------------------
  CIRCLE     0.25400                                  DARK 
  CIRCLE     0.50800                                  DARK 
  CIRCLE     0.60960                                  DARK 
  CIRCLE     1.65100                                  DARK 
  SQUARE     1.65100                     0.000 NO     DARK 
  RECTANGLE  0.60960     x 2.03200      90.000 NO     DARK 
  RECTANGLE  0.63500     x 1.01600      90.000 NO     DARK 
  RECTANGLE  0.81280     x 0.43180      90.000 NO     DARK 
  RECTANGLE  0.96520     x 0.66040      90.000 NO     DARK 
  RECTANGLE  1.01600     x 2.03200       0.000 NO     DARK 
  RECTANGLE  1.14300     x 1.65100       0.000 NO     DARK 
  RECTANGLE  1.27000     x 1.01600       0.000 NO     DARK 
  RECTANGLE  1.27000     x 1.01600      90.000 NO     DARK 
  RECTANGLE  1.77800     x 0.63500      90.000 NO     DARK 
  RECTANGLE  2.99720     x 1.65100       0.000 NO     DARK 
  PAD SHAPE  SHA_SOT89                  90.000 NO     DARK 

     TOP created with warnings


================================================================
     PROCESSING FILM < BOTTOM >
     TO FILE < D:/mywork/ImmunofluorescenceApparatus/laser/hardware/laser_driver/OrCAD/BOTTOM.art > ...
================================================================

  FILM PARAMETERS :
  ---------------------------------------------------------
  Undefined line width                0.0000
  Mirror code                         NONE
  Rotate angle                        NONE
  Offset x:                           0.0000
  Offset y:                           0.0000
  Plot negative                       NO
  Suppress unconnected internal pads  NO
  Draw holes only                     NO

    WARNING: Multiple 0 width lines; all will be treated the same as the first.
           ... ignored.



  APERTURES USED:
  ---------------------------------------------------------
  TYPE       SIZE/NAME                   ROT   MIRROR MODE 
  ---------------------------------------------------------
  CIRCLE     0.25400                                  DARK 
  CIRCLE     0.50800                                  DARK 
  CIRCLE     0.60960                                  DARK 
  CIRCLE     1.65100                                  DARK 
  SQUARE     1.65100                     0.000 NO     DARK 
  RECTANGLE  0.60960     x 2.03200      90.000 NO     DARK 

     BOTTOM created with warnings


================================================================
     PROCESSING FILM < SOLDERMASK_TOP >
     TO FILE < D:/mywork/ImmunofluorescenceApparatus/laser/hardware/laser_driver/OrCAD/SOLDERMASK_TOP.art > ...
================================================================

  FILM PARAMETERS :
  ---------------------------------------------------------
  Undefined line width                0.0000
  Mirror code                         NONE
  Rotate angle                        NONE
  Offset x:                           0.0000
  Offset y:                           0.0000
  Plot negative                       NO
  Suppress unconnected internal pads  NO
  Draw holes only                     NO



  APERTURES USED:
  ---------------------------------------------------------
  TYPE       SIZE/NAME                   ROT   MIRROR MODE 
  ---------------------------------------------------------
  CIRCLE     1.11760                                  DARK 
  CIRCLE     1.80340                                  DARK 
  SQUARE     1.80340                     0.000 NO     DARK 
  RECTANGLE  0.68580     x 2.10820      90.000 NO     DARK 
  RECTANGLE  0.71120     x 1.14300      90.000 NO     DARK 
  RECTANGLE  1.01600     x 2.03200       0.000 NO     DARK 
  RECTANGLE  1.06680     x 0.68580      90.000 NO     DARK 
  RECTANGLE  1.06680     x 0.76200      90.000 NO     DARK 
  RECTANGLE  1.29540     x 1.80340       0.000 NO     DARK 
  RECTANGLE  1.32080     x 1.06680       0.000 NO     DARK 
  RECTANGLE  1.32080     x 1.06680      90.000 NO     DARK 
  RECTANGLE  1.87960     x 0.73660      90.000 NO     DARK 
  RECTANGLE  3.14960     x 1.80340       0.000 NO     DARK 
  PAD SHAPE  SHA_SOT89MSK               90.000 NO     DARK 

     SOLDERMASK_TOP created.


================================================================
     PROCESSING FILM < SOLDERMASK_BOTTOM >
     TO FILE < D:/mywork/ImmunofluorescenceApparatus/laser/hardware/laser_driver/OrCAD/SOLDERMASK_BOTTOM.art > ...
================================================================

  FILM PARAMETERS :
  ---------------------------------------------------------
  Undefined line width                0.0000
  Mirror code                         NONE
  Rotate angle                        NONE
  Offset x:                           0.0000
  Offset y:                           0.0000
  Plot negative                       NO
  Suppress unconnected internal pads  NO
  Draw holes only                     NO



  APERTURES USED:
  ---------------------------------------------------------
  TYPE       SIZE/NAME                   ROT   MIRROR MODE 
  ---------------------------------------------------------
  CIRCLE     1.11760                                  DARK 
  CIRCLE     1.80340                                  DARK 
  SQUARE     1.80340                     0.000 NO     DARK 
  RECTANGLE  0.68580     x 2.10820      90.000 NO     DARK 

     SOLDERMASK_BOTTOM created.


================================================================
     PROCESSING FILM < PASTEMASK_TOP >
     TO FILE < D:/mywork/ImmunofluorescenceApparatus/laser/hardware/laser_driver/OrCAD/PASTEMASK_TOP.art > ...
================================================================

  FILM PARAMETERS :
  ---------------------------------------------------------
  Undefined line width                0.0000
  Mirror code                         NONE
  Rotate angle                        NONE
  Offset x:                           0.0000
  Offset y:                           0.0000
  Plot negative                       NO
  Suppress unconnected internal pads  NO
  Draw holes only                     NO



  APERTURES USED:
  ---------------------------------------------------------
  TYPE       SIZE/NAME                   ROT   MIRROR MODE 
  ---------------------------------------------------------
  RECTANGLE  0.60960     x 2.03200      90.000 NO     DARK 
  RECTANGLE  0.63500     x 1.01600      90.000 NO     DARK 
  RECTANGLE  0.96520     x 0.66040      90.000 NO     DARK 
  RECTANGLE  1.01600     x 2.03200       0.000 NO     DARK 
  RECTANGLE  1.14300     x 1.65100       0.000 NO     DARK 
  RECTANGLE  1.27000     x 1.01600       0.000 NO     DARK 
  RECTANGLE  1.27000     x 1.01600      90.000 NO     DARK 
  RECTANGLE  1.77800     x 0.63500      90.000 NO     DARK 
  RECTANGLE  2.99720     x 1.65100       0.000 NO     DARK 

     PASTEMASK_TOP created.


================================================================
     PROCESSING FILM < PASTEMASK_BOTTOM >
     TO FILE < D:/mywork/ImmunofluorescenceApparatus/laser/hardware/laser_driver/OrCAD/PASTEMASK_BOTTOM.art > ...
================================================================

  FILM PARAMETERS :
  ---------------------------------------------------------
  Undefined line width                0.0000
  Mirror code                         NONE
  Rotate angle                        NONE
  Offset x:                           0.0000
  Offset y:                           0.0000
  Plot negative                       NO
  Suppress unconnected internal pads  NO
  Draw holes only                     NO



  APERTURES USED:  NONE
     PASTEMASK_BOTTOM created.


================================================================
     PROCESSING FILM < SILKSCREEN_TOP >
     TO FILE < D:/mywork/ImmunofluorescenceApparatus/laser/hardware/laser_driver/OrCAD/SILKSCREEN_TOP.art > ...
================================================================

  FILM PARAMETERS :
  ---------------------------------------------------------
  Undefined line width                0.2000
  Mirror code                         NONE
  Rotate angle                        NONE
  Offset x:                           0.0000
  Offset y:                           0.0000
  Plot negative                       NO
  Suppress unconnected internal pads  NO
  Draw holes only                     NO

    WARNING: text composed 0 width line found at (-34.0000 -8.0000)
           ... using undefined line width of 0.2000

    WARNING: text having Multiple 0 width lines; all will be treated the same as the first.
           ... using undefined line width of 0.2000



  APERTURES USED:
  ---------------------------------------------------------
  TYPE       SIZE/NAME                   ROT   MIRROR MODE 
  ---------------------------------------------------------
  CIRCLE     0.12700                                  DARK 
  CIRCLE     0.15240                                  DARK 
  CIRCLE     0.19990                                  DARK 
  CIRCLE     0.20000                                  DARK 
  CIRCLE     0.25400                                  DARK 
  CIRCLE     0.30480                                  DARK 
  CIRCLE     0.40640                                  DARK 

     SILKSCREEN_TOP created with warnings


================================================================
     PROCESSING FILM < SILKSCREEN_BOTTOM >
     TO FILE < D:/mywork/ImmunofluorescenceApparatus/laser/hardware/laser_driver/OrCAD/SILKSCREEN_BOTTOM.art > ...
================================================================

  FILM PARAMETERS :
  ---------------------------------------------------------
  Undefined line width                0.0000
  Mirror code                         NONE
  Rotate angle                        NONE
  Offset x:                           0.0000
  Offset y:                           0.0000
  Plot negative                       NO
  Suppress unconnected internal pads  NO
  Draw holes only                     NO



  APERTURES USED:  NONE
     SILKSCREEN_BOTTOM created.


================================================================
     PROCESSING FILM < DRILL >
     TO FILE < D:/mywork/ImmunofluorescenceApparatus/laser/hardware/laser_driver/OrCAD/DRILL.art > ...
================================================================

  FILM PARAMETERS :
  ---------------------------------------------------------
  Undefined line width                0.0000
  Mirror code                         NONE
  Rotate angle                        NONE
  Offset x:                           0.0000
  Offset y:                           0.0000
  Plot negative                       NO
  Suppress unconnected internal pads  NO
  Draw holes only                     NO

    WARNING: rectangle or unfilled shape composed 0 width line found at (47.0000 -21.2500)
           ... ignored.



  APERTURES USED:  NONE
     DRILL created with warnings


================================================================
     PROCESSING FILM < OUTLINE >
     TO FILE < D:/mywork/ImmunofluorescenceApparatus/laser/hardware/laser_driver/OrCAD/OUTLINE.art > ...
================================================================

  FILM PARAMETERS :
  ---------------------------------------------------------
  Undefined line width                0.5000
  Mirror code                         NONE
  Rotate angle                        NONE
  Offset x:                           0.0000
  Offset y:                           0.0000
  Plot negative                       NO
  Suppress unconnected internal pads  NO
  Draw holes only                     NO



  APERTURES USED:
  ---------------------------------------------------------
  TYPE       SIZE/NAME                   ROT   MIRROR MODE 
  ---------------------------------------------------------
  CIRCLE     0.50000                                  DARK 

     OUTLINE created.


------------------------------------------------------
 SUMMARY:
        TOP created with warnings
        BOTTOM created with warnings
        SOLDERMASK_TOP created.
        SOLDERMASK_BOTTOM created.
        PASTEMASK_TOP created.
        PASTEMASK_BOTTOM created.
        SILKSCREEN_TOP created with warnings
        SILKSCREEN_BOTTOM created.
        DRILL created with warnings
        OUTLINE created.

 ARTWORK had warnings
