Wed Jul 13 14:18:33 2016				Page     1


 
Update Symbols/Modules Logfile
	Wed Jul 13 14:18:33 2016

------ Module Refresh Messages ------

SUMMARY:    Updated 0 out of 0 modules

------ End Module Messages     ------



(---------------------------------------------------------------------)
(                                                                     )
(    Refresh Symbol                                                   )
(                                                                     )
(    Drawing          : laser_driver2.brd                             )
(    Software Version : 16.6-2015S058                                 )
(    Date/Time        : Wed Jul 13 14:18:33 2016                      )
(                                                                     )
(---------------------------------------------------------------------)


Wed Jul 13 14:18:33 2016				Page     1


------ Symbol Refresh Directives ------

Input design  = 'D:/mywork/ImmunofluorescenceApparatus/laser/hardware/laser_driver/OrCAD/laser_driver2.brd'
Output design = ''

Update mechanical symbols              = 'NO'
Update format symbols                  = 'NO'
Update package symbols                 = 'NO'
Update shape/flash symbols             = 'NO'
Update symbol padstacks                = 'NO'
Preserve padstacks replaced on pins    = 'NO'
Reset symbol text and size locations   = 'NO'
Reset Pin Escapes (fanouts)            = 'NO'
Ripup Etch                             = 'NO'
Reset custom drill data                = 'NO'
Symbol list file                       = 'C:/Users/SUN/AppData/Local/Temp/#Taaaaba06264.tmp'


------ Library Paths ------
PSMPATH =  . 
           symbols 
           .. 
           ../symbols 
           D:/Cadence/SPB_16.6/share/local/pcb/symbols 
           D:/Cadence/SPB_16.6/share/pcb/pcb_lib/symbols 
           D:/Cadence/SPB_16.6/share/pcb/allegrolib/symbols 
           D:/mywork/ImmunofluorescenceApparatus/laser/hardware/laser_driver/OrCAD/pcblib/ 
           C:/Users/SUN/Downloads/SAMA5D36-EK__KitsFiles/ATSAMA5D3x-MB__KitsFiles/ATSAMA5D3x-MB_PCBA_E/ 

PADPATH =  . 
           symbols 
           .. 
           ../symbols 
           D:/Cadence/SPB_16.6/share/local/pcb/padstacks 
           D:/Cadence/SPB_16.6/share/pcb/pcb_lib/symbols 
           D:/Cadence/SPB_16.6/share/pcb/allegrolib/symbols 
           D:/mywork/ImmunofluorescenceApparatus/laser/hardware/laser_driver/OrCAD/pcblib/ 
           C:/Users/SUN/Downloads/SAMA5D36-EK__KitsFiles/ATSAMA5D3x-MB__KitsFiles/ATSAMA5D3x-MB_PCBA_E/ 


------ Symbol Refresh Messages ------

'LASER'  symbol refreshed successfully.


----- Symbol Update Summary ----

Updated symbols: 1 out 1
    Design updated.

